# JRE version: OpenJDK Runtime Environment Temurin-21.0.6+7 (21.0.6+7) (build 21.0.6+7-LTS)
# Java VM: OpenJDK 64-Bit Server VM Temurin-21.0.6+7 (21.0.6+7-LTS, mixed mode, sharing, tiered, compressed oops, compressed class ptrs, parallel gc, linux-amd64)
GC Precious Log:
 CardTable entry size: 512
 CPUs: 16 total, 16 available
 Memory: 15846M
 Large Page Support: Disabled
 NUMA Support: Disabled
 Compressed Oops: Enabled (32-bit)
 Alignments: Space 512K, Generation 512K, Heap 2M
 Heap Min Capacity: 100M
 Heap Initial Capacity: 100M
 Heap Max Capacity: 1G
 Pre-touch: Disabled
 Parallel Workers: 13
Heap:
 PSYoungGen      total 6144K, used 6048K [0x00000000eab00000, 0x00000000eb280000, 0x0000000100000000)
  eden space 5632K, 100% used [0x00000000eab00000,0x00000000eb080000,0x00000000eb080000)
  from space 512K, 81% used [0x00000000eb200000,0x00000000eb268000,0x00000000eb280000)
  to   space 1024K, 97% used [0x00000000eb080000,0x00000000eb17aa10,0x00000000eb180000)
 ParOldGen       total 686592K, used 686125K [0x00000000c0000000, 0x00000000e9e80000, 0x00000000eab00000)
  object space 686592K, 99% used [0x00000000c0000000,0x00000000e9e0b588,0x00000000e9e80000)
 Metaspace       used 100525K, committed 102336K, reserved 1179648K
  class space    used 9298K, committed 10176K, reserved 1048576K
GC Heap History (20 events):
Event: 6548.440 GC heap after
{Heap after GC invocations=13200 (full 111):
 PSYoungGen      total 6144K, used 410K [0x00000000eab00000, 0x00000000eb380000, 0x0000000100000000)
  eden space 5632K, 0% used [0x00000000eab00000,0x00000000eab00000,0x00000000eb080000)
  from space 512K, 80% used [0x00000000eb280000,0x00000000eb2e6900,0x00000000eb300000)
  to   space 512K, 0% used [0x00000000eb300000,0x00000000eb300000,0x00000000eb380000)
 ParOldGen       total 679936K, used 679497K [0x00000000c0000000, 0x00000000e9800000, 0x00000000eab00000)
  object space 679936K, 99% used [0x00000000c0000000,0x00000000e9792540,0x00000000e9800000)
 Metaspace       used 100525K, committed 102336K, reserved 1179648K
  class space    used 9298K, committed 10176K, reserved 1048576K
}
Event: 6548.780 GC heap before
{Heap before GC invocations=13201 (full 111):
 PSYoungGen      total 6144K, used 6042K [0x00000000eab00000, 0x00000000eb380000, 0x0000000100000000)
  eden space 5632K, 100% used [0x00000000eab00000,0x00000000eb080000,0x00000000eb080000)
  from space 512K, 80% used [0x00000000eb280000,0x00000000eb2e6900,0x00000000eb300000)
  to   space 512K, 0% used [0x00000000eb300000,0x00000000eb300000,0x00000000eb380000)
 ParOldGen       total 679936K, used 679497K [0x00000000c0000000, 0x00000000e9800000, 0x00000000eab00000)
  object space 679936K, 99% used [0x00000000c0000000,0x00000000e9792540,0x00000000e9800000)
 Metaspace       used 100525K, committed 102336K, reserved 1179648K
  class space    used 9298K, committed 10176K, reserved 1048576K
}
Event: 6548.781 GC heap after
{Heap after GC invocations=13201 (full 111):
 PSYoungGen      total 6144K, used 500K [0x00000000eab00000, 0x00000000eb380000, 0x0000000100000000)
  eden space 5632K, 0% used [0x00000000eab00000,0x00000000eab00000,0x00000000eb080000)
  from space 512K, 97% used [0x00000000eb300000,0x00000000eb37d200,0x00000000eb380000)
  to   space 1024K, 0% used [0x00000000eb180000,0x00000000eb180000,0x00000000eb280000)
 ParOldGen       total 679936K, used 679625K [0x00000000c0000000, 0x00000000e9800000, 0x00000000eab00000)
  object space 679936K, 99% used [0x00000000c0000000,0x00000000e97b2540,0x00000000e9800000)
 Metaspace       used 100525K, committed 102336K, reserved 1179648K
  class space    used 9298K, committed 10176K, reserved 1048576K
}
Event: 6549.280 GC heap before
{Heap before GC invocations=13202 (full 111):
 PSYoungGen      total 6144K, used 6132K [0x00000000eab00000, 0x00000000eb380000, 0x0000000100000000)
  eden space 5632K, 100% used [0x00000000eab00000,0x00000000eb080000,0x00000000eb080000)
  from space 512K, 97% used [0x00000000eb300000,0x00000000eb37d200,0x00000000eb380000)
  to   space 1024K, 0% used [0x00000000eb180000,0x00000000eb180000,0x00000000eb280000)
 ParOldGen       total 679936K, used 679625K [0x00000000c0000000, 0x00000000e9800000, 0x00000000eab00000)
  object space 679936K, 99% used [0x00000000c0000000,0x00000000e97b2540,0x00000000e9800000)
 Metaspace       used 100525K, committed 102336K, reserved 1179648K
  class space    used 9298K, committed 10176K, reserved 1048576K
}
Event: 6549.281 GC heap after
{Heap after GC invocations=13202 (full 111):
 PSYoungGen      total 6656K, used 448K [0x00000000eab00000, 0x00000000eb380000, 0x0000000100000000)
  eden space 5632K, 0% used [0x00000000eab00000,0x00000000eab00000,0x00000000eb080000)
  from space 1024K, 43% used [0x00000000eb180000,0x00000000eb1f0000,0x00000000eb280000)
  to   space 1024K, 0% used [0x00000000eb280000,0x00000000eb280000,0x00000000eb380000)
 ParOldGen       total 680448K, used 680108K [0x00000000c0000000, 0x00000000e9880000, 0x00000000eab00000)
  object space 680448K, 99% used [0x00000000c0000000,0x00000000e982b288,0x00000000e9880000)
 Metaspace       used 100525K, committed 102336K, reserved 1179648K
  class space    used 9298K, committed 10176K, reserved 1048576K
}
Event: 6549.586 GC heap before
{Heap before GC invocations=13203 (full 111):
 PSYoungGen      total 6656K, used 6080K [0x00000000eab00000, 0x00000000eb380000, 0x0000000100000000)
  eden space 5632K, 100% used [0x00000000eab00000,0x00000000eb080000,0x00000000eb080000)
  from space 1024K, 43% used [0x00000000eb180000,0x00000000eb1f0000,0x00000000eb280000)
  to   space 1024K, 0% used [0x00000000eb280000,0x00000000eb280000,0x00000000eb380000)
 ParOldGen       total 680448K, used 680108K [0x00000000c0000000, 0x00000000e9880000, 0x00000000eab00000)
  object space 680448K, 99% used [0x00000000c0000000,0x00000000e982b288,0x00000000e9880000)
 Metaspace       used 100525K, committed 102336K, reserved 1179648K
  class space    used 9298K, committed 10176K, reserved 1048576K
}
Event: 6549.587 GC heap after
{Heap after GC invocations=13203 (full 111):
 PSYoungGen      total 6144K, used 400K [0x00000000eab00000, 0x00000000eb300000, 0x0000000100000000)
  eden space 5632K, 0% used [0x00000000eab00000,0x00000000eab00000,0x00000000eb080000)
  from space 512K, 78% used [0x00000000eb280000,0x00000000eb2e4010,0x00000000eb300000)
  to   space 512K, 0% used [0x00000000eb200000,0x00000000eb200000,0x00000000eb280000)
 ParOldGen       total 680448K, used 680204K [0x00000000c0000000, 0x00000000e9880000, 0x00000000eab00000)
  object space 680448K, 99% used [0x00000000c0000000,0x00000000e9843288,0x00000000e9880000)
 Metaspace       used 100525K, committed 102336K, reserved 1179648K
  class space    used 9298K, committed 10176K, reserved 1048576K
}
Event: 6549.833 GC heap before
{Heap before GC invocations=13204 (full 111):
 PSYoungGen      total 6144K, used 6032K [0x00000000eab00000, 0x00000000eb300000, 0x0000000100000000)
  eden space 5632K, 99% used [0x00000000eab00000,0x00000000eb07fff8,0x00000000eb080000)
  from space 512K, 78% used [0x00000000eb280000,0x00000000eb2e4010,0x00000000eb300000)
  to   space 512K, 0% used [0x00000000eb200000,0x00000000eb200000,0x00000000eb280000)
 ParOldGen       total 680448K, used 680204K [0x00000000c0000000, 0x00000000e9880000, 0x00000000eab00000)
  object space 680448K, 99% used [0x00000000c0000000,0x00000000e9843288,0x00000000e9880000)
 Metaspace       used 100525K, committed 102336K, reserved 1179648K
  class space    used 9298K, committed 10176K, reserved 1048576K
}
Event: 6549.833 GC heap after
{Heap after GC invocations=13204 (full 111):
 PSYoungGen      total 6144K, used 410K [0x00000000eab00000, 0x00000000eb300000, 0x0000000100000000)
  eden space 5632K, 0% used [0x00000000eab00000,0x00000000eab00000,0x00000000eb080000)
  from space 512K, 80% used [0x00000000eb200000,0x00000000eb266900,0x00000000eb280000)
  to   space 512K, 0% used [0x00000000eb280000,0x00000000eb280000,0x00000000eb300000)
 ParOldGen       total 680448K, used 680284K [0x00000000c0000000, 0x00000000e9880000, 0x00000000eab00000)
  object space 680448K, 99% used [0x00000000c0000000,0x00000000e9857150,0x00000000e9880000)
 Metaspace       used 100525K, committed 102336K, reserved 1179648K
  class space    used 9298K, committed 10176K, reserved 1048576K
}
Event: 6550.152 GC heap before
{Heap before GC invocations=13205 (full 111):
 PSYoungGen      total 6144K, used 6042K [0x00000000eab00000, 0x00000000eb300000, 0x0000000100000000)
  eden space 5632K, 100% used [0x00000000eab00000,0x00000000eb080000,0x00000000eb080000)
  from space 512K, 80% used [0x00000000eb200000,0x00000000eb266900,0x00000000eb280000)
  to   space 512K, 0% used [0x00000000eb280000,0x00000000eb280000,0x00000000eb300000)
 ParOldGen       total 680448K, used 680284K [0x00000000c0000000, 0x00000000e9880000, 0x00000000eab00000)
  object space 680448K, 99% used [0x00000000c0000000,0x00000000e9857150,0x00000000e9880000)
 Metaspace       used 100525K, committed 102336K, reserved 1179648K
  class space    used 9298K, committed 10176K, reserved 1048576K
}
Event: 6550.152 GC heap after
{Heap after GC invocations=13205 (full 111):
 PSYoungGen      total 6144K, used 506K [0x00000000eab00000, 0x00000000eb300000, 0x0000000100000000)
  eden space 5632K, 0% used [0x00000000eab00000,0x00000000eab00000,0x00000000eb080000)
  from space 512K, 98% used [0x00000000eb280000,0x00000000eb2fe900,0x00000000eb300000)
  to   space 1024K, 0% used [0x00000000eb100000,0x00000000eb100000,0x00000000eb200000)
 ParOldGen       total 680448K, used 680443K [0x00000000c0000000, 0x00000000e9880000, 0x00000000eab00000)
  object space 680448K, 99% used [0x00000000c0000000,0x00000000e987eeb8,0x00000000e9880000)
 Metaspace       used 100525K, committed 102336K, reserved 1179648K
  class space    used 9298K, committed 10176K, reserved 1048576K
}
Event: 6550.408 GC heap before
{Heap before GC invocations=13206 (full 111):
 PSYoungGen      total 6144K, used 6138K [0x00000000eab00000, 0x00000000eb300000, 0x0000000100000000)
  eden space 5632K, 99% used [0x00000000eab00000,0x00000000eb07ffb8,0x00000000eb080000)
  from space 512K, 98% used [0x00000000eb280000,0x00000000eb2fe900,0x00000000eb300000)
  to   space 1024K, 0% used [0x00000000eb100000,0x00000000eb100000,0x00000000eb200000)
 ParOldGen       total 680448K, used 680443K [0x00000000c0000000, 0x00000000e9880000, 0x00000000eab00000)
  object space 680448K, 99% used [0x00000000c0000000,0x00000000e987eeb8,0x00000000e9880000)
 Metaspace       used 100525K, committed 102336K, reserved 1179648K
  class space    used 9298K, committed 10176K, reserved 1048576K
}
Event: 6550.409 GC heap after
{Heap after GC invocations=13206 (full 111):
 PSYoungGen      total 6656K, used 404K [0x00000000eab00000, 0x00000000eb300000, 0x0000000100000000)
  eden space 5632K, 0% used [0x00000000eab00000,0x00000000eab00000,0x00000000eb080000)
  from space 1024K, 39% used [0x00000000eb100000,0x00000000eb165200,0x00000000eb200000)
  to   space 512K, 0% used [0x00000000eb280000,0x00000000eb280000,0x00000000eb300000)
 ParOldGen       total 681472K, used 680968K [0x00000000c0000000, 0x00000000e9980000, 0x00000000eab00000)
  object space 681472K, 99% used [0x00000000c0000000,0x00000000e99020c8,0x00000000e9980000)
 Metaspace       used 100525K, committed 102336K, reserved 1179648K
  class space    used 9298K, committed 10176K, reserved 1048576K
}
Event: 6550.735 GC heap before
{Heap before GC invocations=13207 (full 111):
 PSYoungGen      total 6656K, used 6036K [0x00000000eab00000, 0x00000000eb300000, 0x0000000100000000)
  eden space 5632K, 100% used [0x00000000eab00000,0x00000000eb080000,0x00000000eb080000)
  from space 1024K, 39% used [0x00000000eb100000,0x00000000eb165200,0x00000000eb200000)
  to   space 512K, 0% used [0x00000000eb280000,0x00000000eb280000,0x00000000eb300000)
 ParOldGen       total 681472K, used 680968K [0x00000000c0000000, 0x00000000e9980000, 0x00000000eab00000)
  object space 681472K, 99% used [0x00000000c0000000,0x00000000e99020c8,0x00000000e9980000)
 Metaspace       used 100525K, committed 102336K, reserved 1179648K
  class space    used 9298K, committed 10176K, reserved 1048576K
}
Event: 6550.736 GC heap after
{Heap after GC invocations=13207 (full 111):
 PSYoungGen      total 6144K, used 506K [0x00000000eab00000, 0x00000000eb300000, 0x0000000100000000)
  eden space 5632K, 0% used [0x00000000eab00000,0x00000000eab00000,0x00000000eb080000)
  from space 512K, 98% used [0x00000000eb280000,0x00000000eb2fe900,0x00000000eb300000)
  to   space 1024K, 0% used [0x00000000eb100000,0x00000000eb100000,0x00000000eb200000)
 ParOldGen       total 681472K, used 681106K [0x00000000c0000000, 0x00000000e9980000, 0x00000000eab00000)
  object space 681472K, 99% used [0x00000000c0000000,0x00000000e99249d8,0x00000000e9980000)
 Metaspace       used 100525K, committed 102336K, reserved 1179648K
  class space    used 9298K, committed 10176K, reserved 1048576K
}
Event: 6551.106 GC heap before
{Heap before GC invocations=13208 (full 111):
 PSYoungGen      total 6144K, used 6138K [0x00000000eab00000, 0x00000000eb300000, 0x0000000100000000)
  eden space 5632K, 99% used [0x00000000eab00000,0x00000000eb07ff20,0x00000000eb080000)
  from space 512K, 98% used [0x00000000eb280000,0x00000000eb2fe900,0x00000000eb300000)
  to   space 1024K, 0% used [0x00000000eb100000,0x00000000eb100000,0x00000000eb200000)
 ParOldGen       total 681472K, used 681106K [0x00000000c0000000, 0x00000000e9980000, 0x00000000eab00000)
  object space 681472K, 99% used [0x00000000c0000000,0x00000000e99249d8,0x00000000e9980000)
 Metaspace       used 100525K, committed 102336K, reserved 1179648K
  class space    used 9298K, committed 10176K, reserved 1048576K
}
Event: 6551.107 GC heap after
{Heap after GC invocations=13208 (full 111):
 PSYoungGen      total 6656K, used 868K [0x00000000eab00000, 0x00000000eb300000, 0x0000000100000000)
  eden space 5632K, 0% used [0x00000000eab00000,0x00000000eab00000,0x00000000eb080000)
  from space 1024K, 84% used [0x00000000eb100000,0x00000000eb1d9210,0x00000000eb200000)
  to   space 1024K, 0% used [0x00000000eb200000,0x00000000eb200000,0x00000000eb300000)
 ParOldGen       total 681984K, used 681610K [0x00000000c0000000, 0x00000000e9a00000, 0x00000000eab00000)
  object space 681984K, 99% used [0x00000000c0000000,0x00000000e99a2b78,0x00000000e9a00000)
 Metaspace       used 100525K, committed 102336K, reserved 1179648K
  class space    used 9298K, committed 10176K, reserved 1048576K
}
Event: 6551.726 GC heap before
{Heap before GC invocations=13209 (full 111):
 PSYoungGen      total 6656K, used 6324K [0x00000000eab00000, 0x00000000eb300000, 0x0000000100000000)
  eden space 5632K, 96% used [0x00000000eab00000,0x00000000eb053f60,0x00000000eb080000)
  from space 1024K, 84% used [0x00000000eb100000,0x00000000eb1d9210,0x00000000eb200000)
  to   space 1024K, 0% used [0x00000000eb200000,0x00000000eb200000,0x00000000eb300000)
 ParOldGen       total 681984K, used 681610K [0x00000000c0000000, 0x00000000e9a00000, 0x00000000eab00000)
  object space 681984K, 99% used [0x00000000c0000000,0x00000000e99a2b78,0x00000000e9a00000)
 Metaspace       used 100525K, committed 102336K, reserved 1179648K
  class space    used 9298K, committed 10176K, reserved 1048576K
}
Event: 6551.726 GC heap after
{Heap after GC invocations=13209 (full 111):
 PSYoungGen      total 6144K, used 416K [0x00000000eab00000, 0x00000000eb280000, 0x0000000100000000)
  eden space 5632K, 0% used [0x00000000eab00000,0x00000000eab00000,0x00000000eb080000)
  from space 512K, 81% used [0x00000000eb200000,0x00000000eb268000,0x00000000eb280000)
  to   space 1024K, 0% used [0x00000000eb080000,0x00000000eb080000,0x00000000eb180000)
 ParOldGen       total 681984K, used 681610K [0x00000000c0000000, 0x00000000e9a00000, 0x00000000eab00000)
  object space 681984K, 99% used [0x00000000c0000000,0x00000000e99a2b78,0x00000000e9a00000)
 Metaspace       used 100525K, committed 102336K, reserved 1179648K
  class space    used 9298K, committed 10176K, reserved 1048576K
}
Event: 6551.730 GC heap before
{Heap before GC invocations=13210 (full 111):
 PSYoungGen      total 6144K, used 6048K [0x00000000eab00000, 0x00000000eb280000, 0x0000000100000000)
  eden space 5632K, 100% used [0x00000000eab00000,0x00000000eb080000,0x00000000eb080000)
  from space 512K, 81% used [0x00000000eb200000,0x00000000eb268000,0x00000000eb280000)
  to   space 1024K, 0% used [0x00000000eb080000,0x00000000eb080000,0x00000000eb180000)
 ParOldGen       total 681984K, used 681610K [0x00000000c0000000, 0x00000000e9a00000, 0x00000000eab00000)
  object space 681984K, 99% used [0x00000000c0000000,0x00000000e99a2b78,0x00000000e9a00000)
 Metaspace       used 100525K, committed 102336K, reserved 1179648K
  class space    used 9298K, committed 10176K, reserved 1048576K
}

